<?xml version="1.0" encoding="UTF-8"?>
<!-- Generated by org.testng.reporters.JUnitReportReporter -->
<testsuite skipped="0" hostname="DESKTOP-MUA6PUI" name="scripts.Testcase1" tests="1" failures="0" timestamp="2022-10-18T09:43:41 IST" time="10.660" errors="0">
  <testcase name="tc1" time="10.660" classname="scripts.Testcase1"/>
  <system-out/>
</testsuite> <!-- scripts.Testcase1 -->
